Mono path[0] = 'C:/Users/pedro/OneDrive/Documents/GitHub/Cogs_300_Project/Build/Final Project Testing V2_Data/Managed'
Mono config path = 'C:/Users/pedro/OneDrive/Documents/GitHub/Cogs_300_Project/Build/MonoBleedingEdge/etc'
Initialize engine version: 2020.3.40f1 (ba48d4efcef1)
[Subsystems] Discovering subsystems at path C:/Users/pedro/OneDrive/Documents/GitHub/Cogs_300_Project/Build/Final Project Testing V2_Data/UnitySubsystems
Forcing GfxDevice: Null
GfxDevice: creating device client; threaded=0
NullGfxDevice:
    Version:  NULL 1.0 [1.0]
    Renderer: Null Device
    Vendor:   Unity Technologies
Begin MonoManager ReloadAssembly
- Completed reload, in  0.262 seconds
ERROR: Shader Sprites/Default shader is not supported on this GPU (none of subshaders/fallbacks are suitable)
Microsoft Media Foundation video decoding to texture disabled: graphics device is Null, only Direct3D 11 and Direct3D 12 (only on desktop) are supported for hardware-accelerated video decoding.
ERROR: Shader Sprites/Mask shader is not supported on this GPU (none of subshaders/fallbacks are suitable)
ERROR: Shader Legacy Shaders/VertexLit shader is not supported on this GPU (none of subshaders/fallbacks are suitable)
WARNING: Shader Unsupported: 'Standard' - All subshaders removed
WARNING: Shader Did you use #pragma only_renderers and omit this platform?
WARNING: Shader If subshaders removal was intentional, you may have forgotten turning Fallback off?
ERROR: Shader Standard shader is not supported on this GPU (none of subshaders/fallbacks are suitable)
WARNING: Shader Unsupported: 'Standard' - All subshaders removed
WARNING: Shader Did you use #pragma only_renderers and omit this platform?
WARNING: Shader If subshaders removal was intentional, you may have forgotten turning Fallback off?
ERROR: Shader GUI/Text Shader shader is not supported on this GPU (none of subshaders/fallbacks are suitable)
UnloadTime: 0.268500 ms
Fallback handler could not load library C:/Users/pedro/OneDrive/Documents/GitHub/Cogs_300_Project/Build/Final Project Testing V2_Data/Mono/libcoreclr.so
Fallback handler could not load library C:/Users/pedro/OneDrive/Documents/GitHub/Cogs_300_Project/Build/Final Project Testing V2_Data/Mono/libcoreclr.so.dll
Fallback handler could not load library C:/Users/pedro/OneDrive/Documents/GitHub/Cogs_300_Project/Build/Final Project Testing V2_Data/Mono/libcoreclr.so
Fallback handler could not load library C:/Users/pedro/OneDrive/Documents/GitHub/Cogs_300_Project/Build/Final Project Testing V2_Data/Mono/libdl.so
Fallback handler could not load library C:/Users/pedro/OneDrive/Documents/GitHub/Cogs_300_Project/Build/Final Project Testing V2_Data/Mono/libdl.so.dll
Fallback handler could not load library C:/Users/pedro/OneDrive/Documents/GitHub/Cogs_300_Project/Build/Final Project Testing V2_Data/Mono/libdl.so
Fallback handler could not load library C:/Users/pedro/OneDrive/Documents/GitHub/Cogs_300_Project/Build/Final Project Testing V2_Data/Mono/libSystem.dylib
Fallback handler could not load library C:/Users/pedro/OneDrive/Documents/GitHub/Cogs_300_Project/Build/Final Project Testing V2_Data/Mono/libSystem.dylib.dll
Fallback handler could not load library C:/Users/pedro/OneDrive/Documents/GitHub/Cogs_300_Project/Build/Final Project Testing V2_Data/Mono/libSystem.dylib
Fallback handler could not load library C:/Users/pedro/OneDrive/Documents/GitHub/Cogs_300_Project/Build/Final Project Testing V2_Data/Mono/libcoreclr.so
Fallback handler could not load library C:/Users/pedro/OneDrive/Documents/GitHub/Cogs_300_Project/Build/Final Project Testing V2_Data/Mono/libcoreclr.so.dll
Fallback handler could not load library C:/Users/pedro/OneDrive/Documents/GitHub/Cogs_300_Project/Build/Final Project Testing V2_Data/Mono/libcoreclr.so
Fallback handler could not load library C:/Users/pedro/OneDrive/Documents/GitHub/Cogs_300_Project/Build/Final Project Testing V2_Data/Mono/libdl.so
Fallback handler could not load library C:/Users/pedro/OneDrive/Documents/GitHub/Cogs_300_Project/Build/Final Project Testing V2_Data/Mono/libdl.so.dll
Fallback handler could not load library C:/Users/pedro/OneDrive/Documents/GitHub/Cogs_300_Project/Build/Final Project Testing V2_Data/Mono/libdl.so
Fallback handler could not load library C:/Users/pedro/OneDrive/Documents/GitHub/Cogs_300_Project/Build/Final Project Testing V2_Data/Mono/libSystem.dylib
Fallback handler could not load library C:/Users/pedro/OneDrive/Documents/GitHub/Cogs_300_Project/Build/Final Project Testing V2_Data/Mono/libSystem.dylib.dll
Fallback handler could not load library C:/Users/pedro/OneDrive/Documents/GitHub/Cogs_300_Project/Build/Final Project Testing V2_Data/Mono/libSystem.dylib
ERROR: Shader UI/Default shader is not supported on this GPU (none of subshaders/fallbacks are suitable)
Agent 2 wins by carry
Agent 1 wins by carry
Draw!
Agent 2 wins by carry
Agent 2 wins by carry
Agent 1 wins by distance
Agent 2 wins by carry
Agent 2 wins by distance
Agent 1 wins by carry
Agent 1 wins by carry
Draw!
Agent 1 wins by carry
Agent 2 wins by distance
Agent 1 wins by carry
Agent 1 wins by carry
Agent 1 wins by carry
Agent 1 wins by carry
Draw!
Agent 2 wins by distance
Agent 2 wins by carry
Agent 1 wins by carry
Agent 2 wins by carry
Agent 1 wins by carry
Agent 2 wins by distance
Agent 1 wins by distance
Agent 2 wins by carry
Agent 2 wins by carry
Agent 1 wins by carry
Agent 1 wins by carry
Draw!
Agent 1 wins by carry
Draw!
Agent 2 wins by carry
Draw!
Agent 1 wins by carry
Agent 2 wins by carry
Agent 2 wins by carry
Agent 2 wins by carry
Agent 2 wins by carry
Agent 2 wins by distance
Agent 1 wins by carry
Agent 2 wins by carry
Agent 2 wins by carry
Draw!
Agent 1 wins by carry
Agent 2 wins by distance
Agent 2 wins by carry
Agent 1 wins by carry
Agent 1 wins by carry
Draw!
Agent 2 wins by carry
Draw!
Agent 1 wins by carry
Agent 1 wins by carry
Agent 2 wins by carry
Agent 1 wins by distance
Draw!
Agent 2 wins by carry
Agent 1 wins by carry
Agent 2 wins by carry
Agent 1 wins by carry
Agent 2 wins by carry
Agent 2 wins by carry
Draw!
Agent 2 wins by distance
Agent 2 wins by carry
Agent 2 wins by carry
Agent 1 wins by distance
Agent 1 wins by carry
Agent 1 wins by carry
Agent 2 wins by carry
Agent 2 wins by carry
Draw!
Draw!
Draw!
Draw!
Unable to save timers to file C:/Users/pedro/OneDrive/Documents/GitHub/Cogs_300_Project/Build/Final Project Testing V2_Data\ML-Agents\Timers\AgentTraining_timers.json
Setting up 8 worker threads for Enlighten.
  Thread -> id: 60e0 -> priority: 1 
  Thread -> id: 30f8 -> priority: 1 
  Thread -> id: 7cc0 -> priority: 1 
  Thread -> id: 1e10 -> priority: 1 
  Thread -> id: 3998 -> priority: 1 
  Thread -> id: 5130 -> priority: 1 
  Thread -> id: 7b44 -> priority: 1 
  Thread -> id: 7cec -> priority: 1 
